[2023-08-19 08:26:33Z INFO HostContext] No proxy settings were found based on environmental variables (http_proxy/https_proxy/HTTP_PROXY/HTTPS_PROXY)
[2023-08-19 08:26:33Z INFO HostContext] Well known directory 'Bin': 'D:\learning\ci\CI-CD\actions-runner\bin'
[2023-08-19 08:26:33Z INFO HostContext] Well known directory 'Root': 'D:\learning\ci\CI-CD\actions-runner'
[2023-08-19 08:26:33Z INFO HostContext] Well known config file 'Credentials': 'D:\learning\ci\CI-CD\actions-runner\.credentials'
[2023-08-19 08:26:33Z INFO HostContext] Well known directory 'Bin': 'D:\learning\ci\CI-CD\actions-runner\bin'
[2023-08-19 08:26:33Z INFO HostContext] Well known directory 'Root': 'D:\learning\ci\CI-CD\actions-runner'
[2023-08-19 08:26:33Z INFO HostContext] Well known config file 'Runner': 'D:\learning\ci\CI-CD\actions-runner\.runner'
[2023-08-19 08:26:33Z INFO Listener] Runner is built for Windows (X64) - win-x64.
[2023-08-19 08:26:33Z INFO Listener] RuntimeInformation: Microsoft Windows 10.0.22621.
[2023-08-19 08:26:33Z INFO Listener] Version: 2.307.1
[2023-08-19 08:26:33Z INFO Listener] Commit: 2a7e9ad3a7574c9c3e72b8cf7cf2e19c129d2ca8
[2023-08-19 08:26:33Z INFO Listener] Culture: en-US
[2023-08-19 08:26:33Z INFO Listener] UI Culture: en-US
[2023-08-19 08:26:33Z INFO HostContext] Well known directory 'Bin': 'D:\learning\ci\CI-CD\actions-runner\bin'
[2023-08-19 08:26:33Z INFO HostContext] Well known directory 'Root': 'D:\learning\ci\CI-CD\actions-runner'
[2023-08-19 08:26:33Z INFO Listener] Validating directory permissions for: 'D:\learning\ci\CI-CD\actions-runner'
[2023-08-19 08:26:33Z INFO CommandLineParser] Parse
[2023-08-19 08:26:33Z INFO CommandLineParser] Parsing 1 args
[2023-08-19 08:26:33Z INFO CommandLineParser] parsing argument
[2023-08-19 08:26:33Z INFO CommandLineParser] HasArgs: False
[2023-08-19 08:26:33Z INFO CommandLineParser] Adding Command: run
[2023-08-19 08:26:33Z INFO Listener] Arguments parsed
[2023-08-19 08:26:33Z INFO Runner] ExecuteCommand
[2023-08-19 08:26:33Z INFO ConfigurationStore] currentAssemblyLocation: D:\learning\ci\CI-CD\actions-runner\bin\Runner.Listener.dll
[2023-08-19 08:26:33Z INFO HostContext] Well known directory 'Bin': 'D:\learning\ci\CI-CD\actions-runner\bin'
[2023-08-19 08:26:33Z INFO ConfigurationStore] binPath: D:\learning\ci\CI-CD\actions-runner\bin
[2023-08-19 08:26:33Z INFO HostContext] Well known directory 'Bin': 'D:\learning\ci\CI-CD\actions-runner\bin'
[2023-08-19 08:26:33Z INFO HostContext] Well known directory 'Root': 'D:\learning\ci\CI-CD\actions-runner'
[2023-08-19 08:26:33Z INFO ConfigurationStore] RootFolder: D:\learning\ci\CI-CD\actions-runner
[2023-08-19 08:26:33Z INFO HostContext] Well known directory 'Bin': 'D:\learning\ci\CI-CD\actions-runner\bin'
[2023-08-19 08:26:33Z INFO HostContext] Well known directory 'Root': 'D:\learning\ci\CI-CD\actions-runner'
[2023-08-19 08:26:33Z INFO HostContext] Well known config file 'Runner': 'D:\learning\ci\CI-CD\actions-runner\.runner'
[2023-08-19 08:26:33Z INFO ConfigurationStore] ConfigFilePath: D:\learning\ci\CI-CD\actions-runner\.runner
[2023-08-19 08:26:33Z INFO HostContext] Well known directory 'Bin': 'D:\learning\ci\CI-CD\actions-runner\bin'
[2023-08-19 08:26:33Z INFO HostContext] Well known directory 'Root': 'D:\learning\ci\CI-CD\actions-runner'
[2023-08-19 08:26:33Z INFO HostContext] Well known config file 'Credentials': 'D:\learning\ci\CI-CD\actions-runner\.credentials'
[2023-08-19 08:26:33Z INFO ConfigurationStore] CredFilePath: D:\learning\ci\CI-CD\actions-runner\.credentials
[2023-08-19 08:26:33Z INFO HostContext] Well known directory 'Bin': 'D:\learning\ci\CI-CD\actions-runner\bin'
[2023-08-19 08:26:33Z INFO HostContext] Well known directory 'Root': 'D:\learning\ci\CI-CD\actions-runner'
[2023-08-19 08:26:33Z INFO HostContext] Well known config file 'MigratedCredentials': 'D:\learning\ci\CI-CD\actions-runner\.credentials_migrated'
[2023-08-19 08:26:33Z INFO ConfigurationStore] MigratedCredFilePath: D:\learning\ci\CI-CD\actions-runner\.credentials_migrated
[2023-08-19 08:26:33Z INFO HostContext] Well known directory 'Bin': 'D:\learning\ci\CI-CD\actions-runner\bin'
[2023-08-19 08:26:33Z INFO HostContext] Well known directory 'Root': 'D:\learning\ci\CI-CD\actions-runner'
[2023-08-19 08:26:33Z INFO HostContext] Well known config file 'Service': 'D:\learning\ci\CI-CD\actions-runner\.service'
[2023-08-19 08:26:33Z INFO ConfigurationStore] ServiceConfigFilePath: D:\learning\ci\CI-CD\actions-runner\.service
[2023-08-19 08:26:33Z INFO CommandSettings] Flag 'help': 'False'
[2023-08-19 08:26:33Z INFO CommandSettings] Flag 'version': 'False'
[2023-08-19 08:26:33Z INFO CommandSettings] Flag 'commit': 'False'
[2023-08-19 08:26:33Z INFO CommandSettings] Flag 'check': 'False'
[2023-08-19 08:26:33Z INFO CommandSettings] Command 'configure': 'False'
[2023-08-19 08:26:33Z INFO CommandSettings] Command 'remove': 'False'
[2023-08-19 08:26:33Z INFO CommandSettings] Command 'warmup': 'False'
[2023-08-19 08:26:33Z INFO ConfigurationManager] LoadSettings
[2023-08-19 08:26:33Z INFO ConfigurationStore] IsConfigured()
[2023-08-19 08:26:33Z INFO ConfigurationStore] IsConfigured: True
[2023-08-19 08:26:33Z INFO ConfigurationManager] Is configured: True
[2023-08-19 08:26:33Z INFO ConfigurationStore] Read setting file: 298 chars
[2023-08-19 08:26:33Z INFO ConfigurationManager] Settings Loaded
[2023-08-19 08:26:33Z INFO ConfigurationStore] IsServiceConfigured()
[2023-08-19 08:26:33Z INFO ConfigurationStore] IsServiceConfigured: False
[2023-08-19 08:26:33Z INFO CommandSettings] Command 'run': 'True'
[2023-08-19 08:26:33Z INFO ConfigurationStore] IsConfigured()
[2023-08-19 08:26:33Z INFO ConfigurationStore] IsConfigured: True
[2023-08-19 08:26:33Z INFO ConfigurationManager] Is configured: True
[2023-08-19 08:26:33Z INFO Runner] Could not parse the argument value '' for StartupType. Defaulting to Manual
[2023-08-19 08:26:33Z INFO Runner] Set runner startup type - Manual
[2023-08-19 08:26:33Z INFO CommandSettings] Flag 'once': 'False'
[2023-08-19 08:26:33Z INFO CommandSettings] Flag 'once': 'False'
[2023-08-19 08:26:33Z INFO Runner] RunAsync
[2023-08-19 08:26:33Z INFO ConfigurationManager] LoadSettings
[2023-08-19 08:26:33Z INFO ConfigurationStore] IsConfigured()
[2023-08-19 08:26:33Z INFO ConfigurationStore] IsConfigured: True
[2023-08-19 08:26:33Z INFO ConfigurationManager] Is configured: True
[2023-08-19 08:26:33Z INFO ConfigurationManager] Settings Loaded
[2023-08-19 08:26:33Z INFO MessageListener] {
  "AgentId": 2,
  "AgentName": "PRASADYEBELO",
  "PoolId": 1,
  "PoolName": "Default",
  "ServerUrl": "https://pipelines.actions.githubusercontent.com/wIsgtjHTyNxjUOSnaLtAX19WDo2GS9f4T3p7imaF2v1pQRhMns",
  "GitHubUrl": "https://github.com/reachmuniprasad/CI-CD",
  "WorkFolder": "_work"
}
[2023-08-19 08:26:33Z INFO MessageListener] Loading Credentials
[2023-08-19 08:26:33Z INFO ConfigurationStore] HasCredentials()
[2023-08-19 08:26:33Z INFO ConfigurationStore] stored True
[2023-08-19 08:26:33Z INFO CredentialManager] GetCredentialProvider
[2023-08-19 08:26:33Z INFO CredentialManager] Creating type OAuth
[2023-08-19 08:26:33Z INFO CredentialManager] Creating credential type: OAuth
[2023-08-19 08:26:33Z INFO HostContext] Well known directory 'Bin': 'D:\learning\ci\CI-CD\actions-runner\bin'
[2023-08-19 08:26:33Z INFO HostContext] Well known directory 'Root': 'D:\learning\ci\CI-CD\actions-runner'
[2023-08-19 08:26:33Z INFO HostContext] Well known config file 'RSACredentials': 'D:\learning\ci\CI-CD\actions-runner\.credentials_rsaparams'
[2023-08-19 08:26:33Z INFO RSAEncryptedFileKeyManager] Loading RSA key parameters from file D:\learning\ci\CI-CD\actions-runner\.credentials_rsaparams
[2023-08-19 08:26:33Z INFO MessageListener] Attempt to create session.
[2023-08-19 08:26:33Z INFO MessageListener] Connecting to the Runner Server...
[2023-08-19 08:26:33Z INFO RunnerServer] EstablishVssConnection
[2023-08-19 08:26:33Z INFO RunnerServer] Establish connection with 100 seconds timeout.
[2023-08-19 08:26:33Z INFO GitHubActionsService] Starting operation Location.GetConnectionData
[2023-08-19 08:26:34Z INFO RunnerServer] EstablishVssConnection
[2023-08-19 08:26:34Z INFO RunnerServer] Establish connection with 60 seconds timeout.
[2023-08-19 08:26:34Z INFO GitHubActionsService] Starting operation Location.GetConnectionData
[2023-08-19 08:26:34Z INFO RunnerServer] EstablishVssConnection
[2023-08-19 08:26:34Z INFO RunnerServer] Establish connection with 60 seconds timeout.
[2023-08-19 08:26:34Z INFO GitHubActionsService] Starting operation Location.GetConnectionData
[2023-08-19 08:26:34Z INFO GitHubActionsService] Finished operation Location.GetConnectionData
[2023-08-19 08:26:35Z INFO GitHubActionsService] Finished operation Location.GetConnectionData
[2023-08-19 08:26:35Z INFO GitHubActionsService] Finished operation Location.GetConnectionData
[2023-08-19 08:26:35Z INFO MessageListener] VssConnection created
[2023-08-19 08:26:35Z INFO Terminal] WRITE LINE: 
[2023-08-19 08:26:35Z INFO Terminal] WRITE LINE: 
[2023-08-19 08:26:35Z INFO RSAEncryptedFileKeyManager] Loading RSA key parameters from file D:\learning\ci\CI-CD\actions-runner\.credentials_rsaparams
[2023-08-19 08:26:35Z INFO RSAEncryptedFileKeyManager] Loading RSA key parameters from file D:\learning\ci\CI-CD\actions-runner\.credentials_rsaparams
[2023-08-19 08:26:36Z INFO GitHubActionsService] AAD Correlation ID for this token request: Unknown
[2023-08-19 08:26:37Z INFO MessageListener] Session created.
[2023-08-19 08:26:37Z INFO Terminal] WRITE LINE: Current runner version: '2.307.1'
[2023-08-19 08:26:37Z INFO Terminal] WRITE LINE: 2023-08-19 08:26:37Z: Listening for Jobs
[2023-08-19 08:26:37Z INFO JobDispatcher] Set runner/worker IPC timeout to 30 seconds.
[2023-08-19 08:56:50Z INFO MessageListener] No message retrieved from session '25a6514f-d50c-4b1d-b636-8f323a7440fb' within last 30 minutes.
[2023-08-19 09:20:57Z INFO Terminal] WRITE LINE: Exiting...
[2023-08-19 09:20:57Z INFO ConfigurationStore] IsServiceConfigured()
[2023-08-19 09:20:57Z INFO ConfigurationStore] IsServiceConfigured: False
[2023-08-19 09:20:57Z INFO HostContext] Runner will be shutdown for UserCancelled
[2023-08-19 09:20:57Z WARN GitHubActionsService] GET request to https://pipelines.actions.githubusercontent.com/wIsgtjHTyNxjUOSnaLtAX19WDo2GS9f4T3p7imaF2v1pQRhMns/_apis/distributedtask/pools/1/messages?sessionId=25a6514f-d50c-4b1d-b636-8f323a7440fb&status=Online&runnerVersion=2.307.1 has been cancelled.
[2023-08-19 09:20:57Z INFO MessageListener] Get next message has been cancelled.
[2023-08-19 09:20:57Z INFO JobDispatcher] Shutting down JobDispatcher. Make sure all WorkerDispatcher has finished.
[2023-08-19 09:20:57Z INFO Terminal] WRITE LINE: Exiting...
[2023-08-19 09:20:57Z INFO ConfigurationStore] IsServiceConfigured()
[2023-08-19 09:20:57Z INFO ConfigurationStore] IsServiceConfigured: False
[2023-08-19 09:20:57Z INFO HostContext] Runner will be shutdown for UserCancelled
[2023-08-19 09:20:58Z INFO Listener] Runner execution been cancelled.
