[2023-08-19 06:48:04Z INFO HostContext] No proxy settings were found based on environmental variables (http_proxy/https_proxy/HTTP_PROXY/HTTPS_PROXY)
[2023-08-19 06:48:04Z INFO HostContext] Well known directory 'Bin': 'D:\learning\ci\CI-CD\actions-runner\bin'
[2023-08-19 06:48:04Z INFO HostContext] Well known directory 'Root': 'D:\learning\ci\CI-CD\actions-runner'
[2023-08-19 06:48:04Z INFO HostContext] Well known config file 'Credentials': 'D:\learning\ci\CI-CD\actions-runner\.credentials'
[2023-08-19 06:48:04Z INFO HostContext] Well known directory 'Bin': 'D:\learning\ci\CI-CD\actions-runner\bin'
[2023-08-19 06:48:04Z INFO HostContext] Well known directory 'Root': 'D:\learning\ci\CI-CD\actions-runner'
[2023-08-19 06:48:04Z INFO HostContext] Well known config file 'Runner': 'D:\learning\ci\CI-CD\actions-runner\.runner'
[2023-08-19 06:48:04Z INFO Listener] Runner is built for Windows (X64) - win-x64.
[2023-08-19 06:48:04Z INFO Listener] RuntimeInformation: Microsoft Windows 10.0.22621.
[2023-08-19 06:48:04Z INFO Listener] Version: 2.307.1
[2023-08-19 06:48:04Z INFO Listener] Commit: 2a7e9ad3a7574c9c3e72b8cf7cf2e19c129d2ca8
[2023-08-19 06:48:04Z INFO Listener] Culture: en-US
[2023-08-19 06:48:04Z INFO Listener] UI Culture: en-US
[2023-08-19 06:48:04Z INFO HostContext] Well known directory 'Bin': 'D:\learning\ci\CI-CD\actions-runner\bin'
[2023-08-19 06:48:04Z INFO HostContext] Well known directory 'Root': 'D:\learning\ci\CI-CD\actions-runner'
[2023-08-19 06:48:04Z INFO Listener] Validating directory permissions for: 'D:\learning\ci\CI-CD\actions-runner'
[2023-08-19 06:48:04Z INFO CommandLineParser] Parse
[2023-08-19 06:48:04Z INFO CommandLineParser] Parsing 5 args
[2023-08-19 06:48:04Z INFO CommandLineParser] parsing argument
[2023-08-19 06:48:04Z INFO CommandLineParser] HasArgs: False
[2023-08-19 06:48:04Z INFO CommandLineParser] Adding Command: configure
[2023-08-19 06:48:04Z INFO CommandLineParser] parsing argument
[2023-08-19 06:48:04Z INFO CommandLineParser] HasArgs: True
[2023-08-19 06:48:04Z INFO CommandLineParser] arg: url
[2023-08-19 06:48:04Z INFO CommandLineParser] parsing argument
[2023-08-19 06:48:04Z INFO CommandLineParser] HasArgs: True
[2023-08-19 06:48:04Z INFO CommandLineParser] Adding option 'url': 'https://github.com/reachmuniprasad/CI-CD'
[2023-08-19 06:48:04Z INFO CommandLineParser] parsing argument
[2023-08-19 06:48:04Z INFO CommandLineParser] HasArgs: True
[2023-08-19 06:48:04Z INFO CommandLineParser] arg: token
[2023-08-19 06:48:04Z INFO CommandLineParser] parsing argument
[2023-08-19 06:48:04Z INFO CommandLineParser] HasArgs: True
[2023-08-19 06:48:04Z INFO CommandLineParser] Adding option 'token': '***'
[2023-08-19 06:48:04Z INFO Listener] Arguments parsed
[2023-08-19 06:48:04Z INFO Runner] ExecuteCommand
[2023-08-19 06:48:04Z INFO ConfigurationStore] currentAssemblyLocation: D:\learning\ci\CI-CD\actions-runner\bin\Runner.Listener.dll
[2023-08-19 06:48:04Z INFO HostContext] Well known directory 'Bin': 'D:\learning\ci\CI-CD\actions-runner\bin'
[2023-08-19 06:48:04Z INFO ConfigurationStore] binPath: D:\learning\ci\CI-CD\actions-runner\bin
[2023-08-19 06:48:04Z INFO HostContext] Well known directory 'Bin': 'D:\learning\ci\CI-CD\actions-runner\bin'
[2023-08-19 06:48:04Z INFO HostContext] Well known directory 'Root': 'D:\learning\ci\CI-CD\actions-runner'
[2023-08-19 06:48:04Z INFO ConfigurationStore] RootFolder: D:\learning\ci\CI-CD\actions-runner
[2023-08-19 06:48:04Z INFO HostContext] Well known directory 'Bin': 'D:\learning\ci\CI-CD\actions-runner\bin'
[2023-08-19 06:48:04Z INFO HostContext] Well known directory 'Root': 'D:\learning\ci\CI-CD\actions-runner'
[2023-08-19 06:48:04Z INFO HostContext] Well known config file 'Runner': 'D:\learning\ci\CI-CD\actions-runner\.runner'
[2023-08-19 06:48:04Z INFO ConfigurationStore] ConfigFilePath: D:\learning\ci\CI-CD\actions-runner\.runner
[2023-08-19 06:48:04Z INFO HostContext] Well known directory 'Bin': 'D:\learning\ci\CI-CD\actions-runner\bin'
[2023-08-19 06:48:04Z INFO HostContext] Well known directory 'Root': 'D:\learning\ci\CI-CD\actions-runner'
[2023-08-19 06:48:04Z INFO HostContext] Well known config file 'Credentials': 'D:\learning\ci\CI-CD\actions-runner\.credentials'
[2023-08-19 06:48:04Z INFO ConfigurationStore] CredFilePath: D:\learning\ci\CI-CD\actions-runner\.credentials
[2023-08-19 06:48:04Z INFO HostContext] Well known directory 'Bin': 'D:\learning\ci\CI-CD\actions-runner\bin'
[2023-08-19 06:48:04Z INFO HostContext] Well known directory 'Root': 'D:\learning\ci\CI-CD\actions-runner'
[2023-08-19 06:48:04Z INFO HostContext] Well known config file 'MigratedCredentials': 'D:\learning\ci\CI-CD\actions-runner\.credentials_migrated'
[2023-08-19 06:48:04Z INFO ConfigurationStore] MigratedCredFilePath: D:\learning\ci\CI-CD\actions-runner\.credentials_migrated
[2023-08-19 06:48:04Z INFO HostContext] Well known directory 'Bin': 'D:\learning\ci\CI-CD\actions-runner\bin'
[2023-08-19 06:48:04Z INFO HostContext] Well known directory 'Root': 'D:\learning\ci\CI-CD\actions-runner'
[2023-08-19 06:48:04Z INFO HostContext] Well known config file 'Service': 'D:\learning\ci\CI-CD\actions-runner\.service'
[2023-08-19 06:48:04Z INFO ConfigurationStore] ServiceConfigFilePath: D:\learning\ci\CI-CD\actions-runner\.service
[2023-08-19 06:48:04Z INFO CommandSettings] Flag 'help': 'False'
[2023-08-19 06:48:04Z INFO CommandSettings] Flag 'version': 'False'
[2023-08-19 06:48:04Z INFO CommandSettings] Flag 'commit': 'False'
[2023-08-19 06:48:04Z INFO CommandSettings] Flag 'check': 'False'
[2023-08-19 06:48:04Z INFO CommandSettings] Command 'configure': 'True'
[2023-08-19 06:48:05Z INFO Terminal] WRITE LINE: 
[2023-08-19 06:48:05Z INFO Terminal] WRITE LINE: --------------------------------------------------------------------------------
[2023-08-19 06:48:05Z INFO Terminal] WRITE LINE: |        ____ _ _   _   _       _          _        _   _                      |
[2023-08-19 06:48:05Z INFO Terminal] WRITE LINE: |       / ___(_) |_| | | |_   _| |__      / \   ___| |_(_) ___  _ __  ___      |
[2023-08-19 06:48:05Z INFO Terminal] WRITE LINE: |      | |  _| | __| |_| | | | | '_ \    / _ \ / __| __| |/ _ \| '_ \/ __|     |
[2023-08-19 06:48:05Z INFO Terminal] WRITE LINE: |      | |_| | | |_|  _  | |_| | |_) |  / ___ \ (__| |_| | (_) | | | \__ \     |
[2023-08-19 06:48:05Z INFO Terminal] WRITE LINE: |       \____|_|\__|_| |_|\__,_|_.__/  /_/   \_\___|\__|_|\___/|_| |_|___/     |
[2023-08-19 06:48:05Z INFO Terminal] WRITE LINE: |                                                                              |
[2023-08-19 06:48:05Z INFO Terminal] WRITE: |                       
[2023-08-19 06:48:05Z INFO Terminal] WRITE: Self-hosted runner registration
[2023-08-19 06:48:05Z INFO Terminal] WRITE LINE:                         |
[2023-08-19 06:48:05Z INFO Terminal] WRITE LINE: |                                                                              |
[2023-08-19 06:48:05Z INFO Terminal] WRITE LINE: --------------------------------------------------------------------------------
[2023-08-19 06:48:05Z INFO ConfigurationManager] ConfigureAsync
[2023-08-19 06:48:05Z INFO CommandSettings] Flag 'generateServiceConfig': 'False'
[2023-08-19 06:48:05Z INFO ConfigurationStore] IsConfigured()
[2023-08-19 06:48:05Z INFO ConfigurationStore] IsConfigured: False
[2023-08-19 06:48:05Z INFO ConfigurationManager] Is configured: False
[2023-08-19 06:48:05Z INFO CommandSettings] Arg 'url': 'https://github.com/reachmuniprasad/CI-CD'
[2023-08-19 06:48:05Z INFO CommandSettings] Remove url from Arg dictionary.
[2023-08-19 06:48:05Z INFO CommandSettings] Arg 'token': '***'
[2023-08-19 06:48:05Z INFO CommandSettings] Remove token from Arg dictionary.
[2023-08-19 06:48:07Z INFO ConfigurationManager] Http response code: OK from 'POST https://api.github.com/actions/runner-registration' (C9DA:2AF1F2:10C8F11:125E2EF:64E065A8)
[2023-08-19 06:48:07Z INFO ConfigurationManager] Using V2 flow: False
[2023-08-19 06:48:07Z INFO ConfigurationManager] cred retrieved via GitHub auth
[2023-08-19 06:48:07Z INFO RunnerServer] EstablishVssConnection
[2023-08-19 06:48:07Z INFO RunnerServer] Establish connection with 100 seconds timeout.
[2023-08-19 06:48:07Z INFO GitHubActionsService] Starting operation Location.GetConnectionData
[2023-08-19 06:48:07Z INFO RunnerServer] EstablishVssConnection
[2023-08-19 06:48:07Z INFO RunnerServer] Establish connection with 60 seconds timeout.
[2023-08-19 06:48:07Z INFO GitHubActionsService] Starting operation Location.GetConnectionData
[2023-08-19 06:48:07Z INFO RunnerServer] EstablishVssConnection
[2023-08-19 06:48:07Z INFO RunnerServer] Establish connection with 60 seconds timeout.
[2023-08-19 06:48:07Z INFO GitHubActionsService] Starting operation Location.GetConnectionData
[2023-08-19 06:48:09Z INFO GitHubActionsService] Finished operation Location.GetConnectionData
[2023-08-19 06:48:10Z INFO GitHubActionsService] Finished operation Location.GetConnectionData
[2023-08-19 06:48:10Z INFO GitHubActionsService] Finished operation Location.GetConnectionData
[2023-08-19 06:48:10Z INFO Terminal] WRITE LINE: 
[2023-08-19 06:48:10Z INFO ConfigurationManager] Test Connection complete.
[2023-08-19 06:48:10Z INFO HostContext] Well known directory 'Bin': 'D:\learning\ci\CI-CD\actions-runner\bin'
[2023-08-19 06:48:10Z INFO HostContext] Well known directory 'Root': 'D:\learning\ci\CI-CD\actions-runner'
[2023-08-19 06:48:10Z INFO HostContext] Well known config file 'RSACredentials': 'D:\learning\ci\CI-CD\actions-runner\.credentials_rsaparams'
[2023-08-19 06:48:10Z INFO RSAEncryptedFileKeyManager] Creating new RSA key using 2048-bit key length
[2023-08-19 06:48:10Z INFO RSAEncryptedFileKeyManager] Successfully saved RSA key parameters to file D:\learning\ci\CI-CD\actions-runner\.credentials_rsaparams
[2023-08-19 06:48:11Z INFO CommandSettings] Arg 'runnergroup': ''
[2023-08-19 06:48:11Z INFO CommandSettings] Flag 'unattended': 'False'
[2023-08-19 06:48:11Z INFO PromptManager] ReadValue
[2023-08-19 06:48:11Z INFO Terminal] WRITE: Enter the name of the runner group to add this runner to: 
[2023-08-19 06:48:11Z INFO Terminal] WRITE: [press Enter for Default] 
[2023-08-19 06:48:11Z INFO Terminal] READ LINE
[2023-08-19 06:48:29Z INFO Terminal] Read value: ''
[2023-08-19 06:48:29Z INFO PromptManager] Falling back to the default: 'Default'
[2023-08-19 06:48:29Z INFO Terminal] WRITE LINE: 
[2023-08-19 06:48:29Z INFO ConfigurationManager] Found a self-hosted runner group with id 1 and name Default
[2023-08-19 06:48:29Z INFO CommandSettings] Flag 'disableupdate': 'False'
[2023-08-19 06:48:29Z INFO CommandSettings] Flag 'ephemeral': 'False'
[2023-08-19 06:48:29Z INFO CommandSettings] Arg 'name': ''
[2023-08-19 06:48:29Z INFO CommandSettings] Flag 'unattended': 'False'
[2023-08-19 06:48:29Z INFO PromptManager] ReadValue
[2023-08-19 06:48:29Z INFO Terminal] WRITE: Enter the name of runner: 
[2023-08-19 06:48:29Z INFO Terminal] WRITE: [press Enter for PRASADYEBELO] 
[2023-08-19 06:48:29Z INFO Terminal] READ LINE
[2023-08-19 06:48:33Z INFO Terminal] Read value: ''
[2023-08-19 06:48:33Z INFO PromptManager] Falling back to the default: 'PRASADYEBELO'
[2023-08-19 06:48:33Z INFO Terminal] WRITE LINE: 
[2023-08-19 06:48:33Z INFO CommandSettings] Arg 'labels': ''
[2023-08-19 06:48:33Z INFO CommandSettings] Flag 'unattended': 'False'
[2023-08-19 06:48:33Z INFO PromptManager] ReadValue
[2023-08-19 06:48:33Z INFO Terminal] WRITE: This runner will have the following labels: 'self-hosted', 'Windows', 'X64' 
Enter any additional labels (ex. label-1,label-2): 
[2023-08-19 06:48:33Z INFO Terminal] WRITE: [press Enter to skip] 
[2023-08-19 06:48:33Z INFO Terminal] READ LINE
[2023-08-19 06:48:48Z INFO Terminal] Read value: ''
[2023-08-19 06:48:48Z INFO Terminal] WRITE LINE: 
[2023-08-19 06:48:48Z INFO CommandSettings] Flag 'disableupdate': 'False'
[2023-08-19 06:48:48Z INFO CommandSettings] Flag 'no-default-labels': 'False'
[2023-08-19 06:48:49Z INFO CommandSettings] Flag 'disableupdate': 'False'
[2023-08-19 06:48:49Z INFO CommandSettings] Flag 'ephemeral': 'False'
[2023-08-19 06:48:49Z INFO ConfigurationStore] Saving OAuth credential @ D:\learning\ci\CI-CD\actions-runner\.credentials
[2023-08-19 06:48:49Z INFO ConfigurationStore] Credentials Saved.
[2023-08-19 06:48:49Z INFO ConfigurationStore] HasCredentials()
[2023-08-19 06:48:49Z INFO ConfigurationStore] stored True
[2023-08-19 06:48:49Z INFO CredentialManager] GetCredentialProvider
[2023-08-19 06:48:49Z INFO CredentialManager] Creating type OAuth
[2023-08-19 06:48:49Z INFO CredentialManager] Creating credential type: OAuth
[2023-08-19 06:48:49Z INFO RSAEncryptedFileKeyManager] Loading RSA key parameters from file D:\learning\ci\CI-CD\actions-runner\.credentials_rsaparams
[2023-08-19 06:48:49Z INFO RunnerServer] EstablishVssConnection
[2023-08-19 06:48:49Z INFO RunnerServer] Establish connection with 100 seconds timeout.
[2023-08-19 06:48:49Z INFO GitHubActionsService] Starting operation Location.GetConnectionData
[2023-08-19 06:48:49Z INFO RunnerServer] EstablishVssConnection
[2023-08-19 06:48:49Z INFO RunnerServer] Establish connection with 60 seconds timeout.
[2023-08-19 06:48:49Z INFO GitHubActionsService] Starting operation Location.GetConnectionData
[2023-08-19 06:48:49Z INFO RunnerServer] EstablishVssConnection
[2023-08-19 06:48:49Z INFO RunnerServer] Establish connection with 60 seconds timeout.
[2023-08-19 06:48:49Z INFO GitHubActionsService] Starting operation Location.GetConnectionData
[2023-08-19 06:48:50Z INFO GitHubActionsService] Finished operation Location.GetConnectionData
[2023-08-19 06:48:50Z INFO GitHubActionsService] Finished operation Location.GetConnectionData
[2023-08-19 06:48:50Z INFO GitHubActionsService] Finished operation Location.GetConnectionData
[2023-08-19 06:48:50Z INFO RSAEncryptedFileKeyManager] Loading RSA key parameters from file D:\learning\ci\CI-CD\actions-runner\.credentials_rsaparams
[2023-08-19 06:48:50Z INFO RSAEncryptedFileKeyManager] Loading RSA key parameters from file D:\learning\ci\CI-CD\actions-runner\.credentials_rsaparams
[2023-08-19 06:48:51Z INFO GitHubActionsService] AAD Correlation ID for this token request: Unknown
[2023-08-19 06:48:51Z INFO CommandSettings] Arg 'work': ''
[2023-08-19 06:48:51Z INFO CommandSettings] Flag 'unattended': 'False'
[2023-08-19 06:48:51Z INFO PromptManager] ReadValue
[2023-08-19 06:48:51Z INFO Terminal] WRITE: Enter name of work folder: 
[2023-08-19 06:48:51Z INFO Terminal] WRITE: [press Enter for _work] 
[2023-08-19 06:48:51Z INFO Terminal] READ LINE
[2023-08-19 06:48:56Z INFO Terminal] Read value: ''
[2023-08-19 06:48:56Z INFO PromptManager] Falling back to the default: '_work'
[2023-08-19 06:48:56Z INFO ConfigurationStore] Saving runner settings.
[2023-08-19 06:48:56Z INFO ConfigurationStore] Settings Saved.
[2023-08-19 06:48:56Z INFO Terminal] WRITE LINE: 
[2023-08-19 06:48:56Z INFO Terminal] WRITE LINE: 
[2023-08-19 06:48:56Z INFO CommandSettings] Flag 'runasservice': 'False'
[2023-08-19 06:48:56Z INFO CommandSettings] Flag 'unattended': 'False'
[2023-08-19 06:48:56Z INFO PromptManager] ReadValue
[2023-08-19 06:48:56Z INFO Terminal] WRITE: Would you like to run the runner as service? (Y/N) 
[2023-08-19 06:48:56Z INFO Terminal] WRITE: [press Enter for N] 
[2023-08-19 06:48:56Z INFO Terminal] READ LINE
[2023-08-19 06:49:16Z INFO Terminal] Read value: ''
[2023-08-19 06:49:16Z INFO PromptManager] Falling back to the default: 'N'
[2023-08-19 06:49:16Z INFO Listener] Runner execution has finished with return code 0
