[2023-08-19 07:37:24Z INFO HostContext] No proxy settings were found based on environmental variables (http_proxy/https_proxy/HTTP_PROXY/HTTPS_PROXY)
[2023-08-19 07:37:24Z INFO HostContext] Well known directory 'Bin': 'D:\learning\ci\CI-CD\actions-runner\bin'
[2023-08-19 07:37:24Z INFO HostContext] Well known directory 'Root': 'D:\learning\ci\CI-CD\actions-runner'
[2023-08-19 07:37:24Z INFO HostContext] Well known config file 'Credentials': 'D:\learning\ci\CI-CD\actions-runner\.credentials'
[2023-08-19 07:37:24Z INFO HostContext] Well known directory 'Bin': 'D:\learning\ci\CI-CD\actions-runner\bin'
[2023-08-19 07:37:24Z INFO HostContext] Well known directory 'Root': 'D:\learning\ci\CI-CD\actions-runner'
[2023-08-19 07:37:24Z INFO HostContext] Well known config file 'Runner': 'D:\learning\ci\CI-CD\actions-runner\.runner'
[2023-08-19 07:37:24Z INFO Listener] Runner is built for Windows (X64) - win-x64.
[2023-08-19 07:37:24Z INFO Listener] RuntimeInformation: Microsoft Windows 10.0.22621.
[2023-08-19 07:37:24Z INFO Listener] Version: 2.307.1
[2023-08-19 07:37:24Z INFO Listener] Commit: 2a7e9ad3a7574c9c3e72b8cf7cf2e19c129d2ca8
[2023-08-19 07:37:24Z INFO Listener] Culture: en-US
[2023-08-19 07:37:24Z INFO Listener] UI Culture: en-US
[2023-08-19 07:37:24Z INFO HostContext] Well known directory 'Bin': 'D:\learning\ci\CI-CD\actions-runner\bin'
[2023-08-19 07:37:24Z INFO HostContext] Well known directory 'Root': 'D:\learning\ci\CI-CD\actions-runner'
[2023-08-19 07:37:24Z INFO Listener] Validating directory permissions for: 'D:\learning\ci\CI-CD\actions-runner'
[2023-08-19 07:37:24Z INFO CommandLineParser] Parse
[2023-08-19 07:37:24Z INFO CommandLineParser] Parsing 1 args
[2023-08-19 07:37:24Z INFO CommandLineParser] parsing argument
[2023-08-19 07:37:24Z INFO CommandLineParser] HasArgs: False
[2023-08-19 07:37:24Z INFO CommandLineParser] Adding Command: run
[2023-08-19 07:37:24Z INFO Listener] Arguments parsed
[2023-08-19 07:37:24Z INFO Runner] ExecuteCommand
[2023-08-19 07:37:24Z INFO ConfigurationStore] currentAssemblyLocation: D:\learning\ci\CI-CD\actions-runner\bin\Runner.Listener.dll
[2023-08-19 07:37:24Z INFO HostContext] Well known directory 'Bin': 'D:\learning\ci\CI-CD\actions-runner\bin'
[2023-08-19 07:37:24Z INFO ConfigurationStore] binPath: D:\learning\ci\CI-CD\actions-runner\bin
[2023-08-19 07:37:24Z INFO HostContext] Well known directory 'Bin': 'D:\learning\ci\CI-CD\actions-runner\bin'
[2023-08-19 07:37:24Z INFO HostContext] Well known directory 'Root': 'D:\learning\ci\CI-CD\actions-runner'
[2023-08-19 07:37:24Z INFO ConfigurationStore] RootFolder: D:\learning\ci\CI-CD\actions-runner
[2023-08-19 07:37:24Z INFO HostContext] Well known directory 'Bin': 'D:\learning\ci\CI-CD\actions-runner\bin'
[2023-08-19 07:37:24Z INFO HostContext] Well known directory 'Root': 'D:\learning\ci\CI-CD\actions-runner'
[2023-08-19 07:37:24Z INFO HostContext] Well known config file 'Runner': 'D:\learning\ci\CI-CD\actions-runner\.runner'
[2023-08-19 07:37:24Z INFO ConfigurationStore] ConfigFilePath: D:\learning\ci\CI-CD\actions-runner\.runner
[2023-08-19 07:37:24Z INFO HostContext] Well known directory 'Bin': 'D:\learning\ci\CI-CD\actions-runner\bin'
[2023-08-19 07:37:24Z INFO HostContext] Well known directory 'Root': 'D:\learning\ci\CI-CD\actions-runner'
[2023-08-19 07:37:24Z INFO HostContext] Well known config file 'Credentials': 'D:\learning\ci\CI-CD\actions-runner\.credentials'
[2023-08-19 07:37:24Z INFO ConfigurationStore] CredFilePath: D:\learning\ci\CI-CD\actions-runner\.credentials
[2023-08-19 07:37:24Z INFO HostContext] Well known directory 'Bin': 'D:\learning\ci\CI-CD\actions-runner\bin'
[2023-08-19 07:37:24Z INFO HostContext] Well known directory 'Root': 'D:\learning\ci\CI-CD\actions-runner'
[2023-08-19 07:37:24Z INFO HostContext] Well known config file 'MigratedCredentials': 'D:\learning\ci\CI-CD\actions-runner\.credentials_migrated'
[2023-08-19 07:37:24Z INFO ConfigurationStore] MigratedCredFilePath: D:\learning\ci\CI-CD\actions-runner\.credentials_migrated
[2023-08-19 07:37:24Z INFO HostContext] Well known directory 'Bin': 'D:\learning\ci\CI-CD\actions-runner\bin'
[2023-08-19 07:37:24Z INFO HostContext] Well known directory 'Root': 'D:\learning\ci\CI-CD\actions-runner'
[2023-08-19 07:37:24Z INFO HostContext] Well known config file 'Service': 'D:\learning\ci\CI-CD\actions-runner\.service'
[2023-08-19 07:37:24Z INFO ConfigurationStore] ServiceConfigFilePath: D:\learning\ci\CI-CD\actions-runner\.service
[2023-08-19 07:37:24Z INFO CommandSettings] Flag 'help': 'False'
[2023-08-19 07:37:24Z INFO CommandSettings] Flag 'version': 'False'
[2023-08-19 07:37:24Z INFO CommandSettings] Flag 'commit': 'False'
[2023-08-19 07:37:24Z INFO CommandSettings] Flag 'check': 'False'
[2023-08-19 07:37:24Z INFO CommandSettings] Command 'configure': 'False'
[2023-08-19 07:37:24Z INFO CommandSettings] Command 'remove': 'False'
[2023-08-19 07:37:24Z INFO CommandSettings] Command 'warmup': 'False'
[2023-08-19 07:37:24Z INFO ConfigurationManager] LoadSettings
[2023-08-19 07:37:24Z INFO ConfigurationStore] IsConfigured()
[2023-08-19 07:37:24Z INFO ConfigurationStore] IsConfigured: True
[2023-08-19 07:37:24Z INFO ConfigurationManager] Is configured: True
[2023-08-19 07:37:24Z INFO ConfigurationStore] Read setting file: 298 chars
[2023-08-19 07:37:24Z INFO ConfigurationManager] Settings Loaded
[2023-08-19 07:37:24Z INFO ConfigurationStore] IsServiceConfigured()
[2023-08-19 07:37:24Z INFO ConfigurationStore] IsServiceConfigured: False
[2023-08-19 07:37:24Z INFO CommandSettings] Command 'run': 'True'
[2023-08-19 07:37:24Z INFO ConfigurationStore] IsConfigured()
[2023-08-19 07:37:24Z INFO ConfigurationStore] IsConfigured: True
[2023-08-19 07:37:24Z INFO ConfigurationManager] Is configured: True
[2023-08-19 07:37:24Z INFO Runner] Could not parse the argument value '' for StartupType. Defaulting to Manual
[2023-08-19 07:37:24Z INFO Runner] Set runner startup type - Manual
[2023-08-19 07:37:24Z INFO CommandSettings] Flag 'once': 'False'
[2023-08-19 07:37:24Z INFO CommandSettings] Flag 'once': 'False'
[2023-08-19 07:37:24Z INFO Runner] RunAsync
[2023-08-19 07:37:24Z INFO ConfigurationManager] LoadSettings
[2023-08-19 07:37:24Z INFO ConfigurationStore] IsConfigured()
[2023-08-19 07:37:24Z INFO ConfigurationStore] IsConfigured: True
[2023-08-19 07:37:24Z INFO ConfigurationManager] Is configured: True
[2023-08-19 07:37:24Z INFO ConfigurationManager] Settings Loaded
[2023-08-19 07:37:24Z INFO MessageListener] {
  "AgentId": 2,
  "AgentName": "PRASADYEBELO",
  "PoolId": 1,
  "PoolName": "Default",
  "ServerUrl": "https://pipelines.actions.githubusercontent.com/wIsgtjHTyNxjUOSnaLtAX19WDo2GS9f4T3p7imaF2v1pQRhMns",
  "GitHubUrl": "https://github.com/reachmuniprasad/CI-CD",
  "WorkFolder": "_work"
}
[2023-08-19 07:37:24Z INFO MessageListener] Loading Credentials
[2023-08-19 07:37:24Z INFO ConfigurationStore] HasCredentials()
[2023-08-19 07:37:24Z INFO ConfigurationStore] stored True
[2023-08-19 07:37:24Z INFO CredentialManager] GetCredentialProvider
[2023-08-19 07:37:24Z INFO CredentialManager] Creating type OAuth
[2023-08-19 07:37:24Z INFO CredentialManager] Creating credential type: OAuth
[2023-08-19 07:37:24Z INFO HostContext] Well known directory 'Bin': 'D:\learning\ci\CI-CD\actions-runner\bin'
[2023-08-19 07:37:24Z INFO HostContext] Well known directory 'Root': 'D:\learning\ci\CI-CD\actions-runner'
[2023-08-19 07:37:24Z INFO HostContext] Well known config file 'RSACredentials': 'D:\learning\ci\CI-CD\actions-runner\.credentials_rsaparams'
[2023-08-19 07:37:24Z INFO RSAEncryptedFileKeyManager] Loading RSA key parameters from file D:\learning\ci\CI-CD\actions-runner\.credentials_rsaparams
[2023-08-19 07:37:24Z INFO MessageListener] Attempt to create session.
[2023-08-19 07:37:24Z INFO MessageListener] Connecting to the Runner Server...
[2023-08-19 07:37:24Z INFO RunnerServer] EstablishVssConnection
[2023-08-19 07:37:24Z INFO RunnerServer] Establish connection with 100 seconds timeout.
[2023-08-19 07:37:24Z INFO GitHubActionsService] Starting operation Location.GetConnectionData
[2023-08-19 07:37:25Z INFO RunnerServer] EstablishVssConnection
[2023-08-19 07:37:25Z INFO RunnerServer] Establish connection with 60 seconds timeout.
[2023-08-19 07:37:25Z INFO GitHubActionsService] Starting operation Location.GetConnectionData
[2023-08-19 07:37:25Z INFO RunnerServer] EstablishVssConnection
[2023-08-19 07:37:25Z INFO RunnerServer] Establish connection with 60 seconds timeout.
[2023-08-19 07:37:25Z INFO GitHubActionsService] Starting operation Location.GetConnectionData
[2023-08-19 07:37:26Z INFO GitHubActionsService] Finished operation Location.GetConnectionData
[2023-08-19 07:37:26Z INFO GitHubActionsService] Finished operation Location.GetConnectionData
[2023-08-19 07:37:26Z INFO GitHubActionsService] Finished operation Location.GetConnectionData
[2023-08-19 07:37:26Z INFO MessageListener] VssConnection created
[2023-08-19 07:37:26Z INFO Terminal] WRITE LINE: 
[2023-08-19 07:37:26Z INFO Terminal] WRITE LINE: 
[2023-08-19 07:37:26Z INFO RSAEncryptedFileKeyManager] Loading RSA key parameters from file D:\learning\ci\CI-CD\actions-runner\.credentials_rsaparams
[2023-08-19 07:37:27Z INFO RSAEncryptedFileKeyManager] Loading RSA key parameters from file D:\learning\ci\CI-CD\actions-runner\.credentials_rsaparams
[2023-08-19 07:37:27Z INFO GitHubActionsService] AAD Correlation ID for this token request: Unknown
[2023-08-19 07:37:27Z ERR  GitHubActionsService] POST request to https://pipelines.actions.githubusercontent.com/wIsgtjHTyNxjUOSnaLtAX19WDo2GS9f4T3p7imaF2v1pQRhMns/_apis/distributedtask/pools/1/sessions failed. HTTP Status: Conflict, AFD Ref: Ref A: 54BB53BD149D4C6FAF8FF706EE45A9A8 Ref B: MAA01EDGE0406 Ref C: 2023-08-19T07:37:29Z
[2023-08-19 07:37:27Z ERR  MessageListener] Catch exception during create session.
[2023-08-19 07:37:28Z ERR  MessageListener] GitHub.DistributedTask.WebApi.TaskAgentSessionConflictException: The actions runner PRASADYEBELO already has an active session for owner PRASADYEBELO.
   at GitHub.Services.WebApi.VssHttpClientBase.HandleResponseAsync(HttpResponseMessage response, CancellationToken cancellationToken)
   at GitHub.Services.WebApi.VssHttpClientBase.SendAsync(HttpRequestMessage message, HttpCompletionOption completionOption, Object userState, CancellationToken cancellationToken)
   at GitHub.Services.WebApi.VssHttpClientBase.SendAsync[T](HttpRequestMessage message, Object userState, CancellationToken cancellationToken)
   at GitHub.Services.WebApi.VssHttpClientBase.SendAsync[T](HttpMethod method, IEnumerable`1 additionalHeaders, Guid locationId, Object routeValues, ApiResourceVersion version, HttpContent content, IEnumerable`1 queryParameters, Object userState, CancellationToken cancellationToken)
   at GitHub.Runner.Listener.MessageListener.CreateSessionAsync(CancellationToken token)
[2023-08-19 07:37:28Z INFO MessageListener] The session for this runner already exists.
[2023-08-19 07:37:28Z ERR  Terminal] WRITE ERROR: A session for this runner already exists.
[2023-08-19 07:37:28Z INFO MessageListener] The session conflict exception haven't reached retry limit.
[2023-08-19 07:37:28Z ERR  Terminal] WRITE ERROR: 2023-08-19 07:37:28Z: Runner connect error: The actions runner PRASADYEBELO already has an active session for owner PRASADYEBELO.. Retrying until reconnected.
[2023-08-19 07:37:28Z INFO MessageListener] Sleeping for 30 seconds before retrying.
[2023-08-19 07:37:58Z INFO MessageListener] Attempt to create session.
[2023-08-19 07:37:58Z INFO MessageListener] Connecting to the Runner Server...
[2023-08-19 07:37:58Z INFO RunnerServer] EstablishVssConnection
[2023-08-19 07:37:58Z INFO RunnerServer] Establish connection with 100 seconds timeout.
[2023-08-19 07:37:58Z INFO GitHubActionsService] Starting operation Location.GetConnectionData
[2023-08-19 07:37:58Z INFO RunnerServer] EstablishVssConnection
[2023-08-19 07:37:58Z INFO RunnerServer] Establish connection with 60 seconds timeout.
[2023-08-19 07:37:58Z INFO GitHubActionsService] Starting operation Location.GetConnectionData
[2023-08-19 07:37:58Z INFO RunnerServer] EstablishVssConnection
[2023-08-19 07:37:58Z INFO RunnerServer] Establish connection with 60 seconds timeout.
[2023-08-19 07:37:58Z INFO GitHubActionsService] Starting operation Location.GetConnectionData
[2023-08-19 07:37:59Z INFO GitHubActionsService] Finished operation Location.GetConnectionData
[2023-08-19 07:37:59Z INFO GitHubActionsService] Finished operation Location.GetConnectionData
[2023-08-19 07:37:59Z INFO GitHubActionsService] Finished operation Location.GetConnectionData
[2023-08-19 07:37:59Z INFO MessageListener] VssConnection created
[2023-08-19 07:37:59Z INFO Terminal] WRITE LINE: 
[2023-08-19 07:37:59Z INFO Terminal] WRITE LINE: 
[2023-08-19 07:37:59Z ERR  GitHubActionsService] POST request to https://pipelines.actions.githubusercontent.com/wIsgtjHTyNxjUOSnaLtAX19WDo2GS9f4T3p7imaF2v1pQRhMns/_apis/distributedtask/pools/1/sessions failed. HTTP Status: Conflict, AFD Ref: Ref A: 152ED6038BC444B3AAAC0B85FDAC794E Ref B: MAA01EDGE0408 Ref C: 2023-08-19T07:38:01Z
[2023-08-19 07:37:59Z ERR  MessageListener] Catch exception during create session.
[2023-08-19 07:37:59Z ERR  MessageListener] GitHub.DistributedTask.WebApi.TaskAgentSessionConflictException: The actions runner PRASADYEBELO already has an active session for owner PRASADYEBELO.
   at GitHub.Services.WebApi.VssHttpClientBase.HandleResponseAsync(HttpResponseMessage response, CancellationToken cancellationToken)
   at GitHub.Services.WebApi.VssHttpClientBase.SendAsync(HttpRequestMessage message, HttpCompletionOption completionOption, Object userState, CancellationToken cancellationToken)
   at GitHub.Services.WebApi.VssHttpClientBase.SendAsync[T](HttpRequestMessage message, Object userState, CancellationToken cancellationToken)
   at GitHub.Services.WebApi.VssHttpClientBase.SendAsync[T](HttpMethod method, IEnumerable`1 additionalHeaders, Guid locationId, Object routeValues, ApiResourceVersion version, HttpContent content, IEnumerable`1 queryParameters, Object userState, CancellationToken cancellationToken)
   at GitHub.Runner.Listener.MessageListener.CreateSessionAsync(CancellationToken token)
[2023-08-19 07:37:59Z INFO MessageListener] The session for this runner already exists.
[2023-08-19 07:37:59Z ERR  Terminal] WRITE ERROR: A session for this runner already exists.
[2023-08-19 07:37:59Z INFO MessageListener] The session conflict exception haven't reached retry limit.
[2023-08-19 07:37:59Z INFO MessageListener] Sleeping for 30 seconds before retrying.
[2023-08-19 07:38:29Z INFO MessageListener] Attempt to create session.
[2023-08-19 07:38:29Z INFO MessageListener] Connecting to the Runner Server...
[2023-08-19 07:38:29Z INFO RunnerServer] EstablishVssConnection
[2023-08-19 07:38:29Z INFO RunnerServer] Establish connection with 100 seconds timeout.
[2023-08-19 07:38:29Z INFO GitHubActionsService] Starting operation Location.GetConnectionData
[2023-08-19 07:38:29Z INFO RunnerServer] EstablishVssConnection
[2023-08-19 07:38:29Z INFO RunnerServer] Establish connection with 60 seconds timeout.
[2023-08-19 07:38:29Z INFO GitHubActionsService] Starting operation Location.GetConnectionData
[2023-08-19 07:38:29Z INFO RunnerServer] EstablishVssConnection
[2023-08-19 07:38:29Z INFO RunnerServer] Establish connection with 60 seconds timeout.
[2023-08-19 07:38:29Z INFO GitHubActionsService] Starting operation Location.GetConnectionData
[2023-08-19 07:38:29Z INFO GitHubActionsService] Finished operation Location.GetConnectionData
[2023-08-19 07:38:30Z INFO GitHubActionsService] Finished operation Location.GetConnectionData
[2023-08-19 07:38:30Z INFO GitHubActionsService] Finished operation Location.GetConnectionData
[2023-08-19 07:38:30Z INFO MessageListener] VssConnection created
[2023-08-19 07:38:30Z INFO Terminal] WRITE LINE: 
[2023-08-19 07:38:30Z INFO Terminal] WRITE LINE: 
[2023-08-19 07:38:31Z ERR  GitHubActionsService] POST request to https://pipelines.actions.githubusercontent.com/wIsgtjHTyNxjUOSnaLtAX19WDo2GS9f4T3p7imaF2v1pQRhMns/_apis/distributedtask/pools/1/sessions failed. HTTP Status: Conflict, AFD Ref: Ref A: 229388D71DE047B09E94C35778A8639E Ref B: MAA01EDGE1415 Ref C: 2023-08-19T07:38:32Z
[2023-08-19 07:38:31Z ERR  MessageListener] Catch exception during create session.
[2023-08-19 07:38:31Z ERR  MessageListener] GitHub.DistributedTask.WebApi.TaskAgentSessionConflictException: The actions runner PRASADYEBELO already has an active session for owner PRASADYEBELO.
   at GitHub.Services.WebApi.VssHttpClientBase.HandleResponseAsync(HttpResponseMessage response, CancellationToken cancellationToken)
   at GitHub.Services.WebApi.VssHttpClientBase.SendAsync(HttpRequestMessage message, HttpCompletionOption completionOption, Object userState, CancellationToken cancellationToken)
   at GitHub.Services.WebApi.VssHttpClientBase.SendAsync[T](HttpRequestMessage message, Object userState, CancellationToken cancellationToken)
   at GitHub.Services.WebApi.VssHttpClientBase.SendAsync[T](HttpMethod method, IEnumerable`1 additionalHeaders, Guid locationId, Object routeValues, ApiResourceVersion version, HttpContent content, IEnumerable`1 queryParameters, Object userState, CancellationToken cancellationToken)
   at GitHub.Runner.Listener.MessageListener.CreateSessionAsync(CancellationToken token)
[2023-08-19 07:38:31Z INFO MessageListener] The session for this runner already exists.
[2023-08-19 07:38:31Z ERR  Terminal] WRITE ERROR: A session for this runner already exists.
[2023-08-19 07:38:31Z INFO MessageListener] The session conflict exception haven't reached retry limit.
[2023-08-19 07:38:31Z INFO MessageListener] Sleeping for 30 seconds before retrying.
[2023-08-19 07:39:01Z INFO MessageListener] Attempt to create session.
[2023-08-19 07:39:01Z INFO MessageListener] Connecting to the Runner Server...
[2023-08-19 07:39:01Z INFO RunnerServer] EstablishVssConnection
[2023-08-19 07:39:01Z INFO RunnerServer] Establish connection with 100 seconds timeout.
[2023-08-19 07:39:01Z INFO GitHubActionsService] Starting operation Location.GetConnectionData
[2023-08-19 07:39:01Z INFO RunnerServer] EstablishVssConnection
[2023-08-19 07:39:01Z INFO RunnerServer] Establish connection with 60 seconds timeout.
[2023-08-19 07:39:01Z INFO GitHubActionsService] Starting operation Location.GetConnectionData
[2023-08-19 07:39:01Z INFO RunnerServer] EstablishVssConnection
[2023-08-19 07:39:01Z INFO RunnerServer] Establish connection with 60 seconds timeout.
[2023-08-19 07:39:01Z INFO GitHubActionsService] Starting operation Location.GetConnectionData
[2023-08-19 07:39:02Z INFO GitHubActionsService] Finished operation Location.GetConnectionData
[2023-08-19 07:39:02Z INFO GitHubActionsService] Finished operation Location.GetConnectionData
[2023-08-19 07:39:02Z INFO GitHubActionsService] Finished operation Location.GetConnectionData
[2023-08-19 07:39:02Z INFO MessageListener] VssConnection created
[2023-08-19 07:39:02Z INFO Terminal] WRITE LINE: 
[2023-08-19 07:39:02Z INFO Terminal] WRITE LINE: 
[2023-08-19 07:39:03Z ERR  GitHubActionsService] POST request to https://pipelines.actions.githubusercontent.com/wIsgtjHTyNxjUOSnaLtAX19WDo2GS9f4T3p7imaF2v1pQRhMns/_apis/distributedtask/pools/1/sessions failed. HTTP Status: Conflict, AFD Ref: Ref A: 5201726C4FB54A2492C421034D19FB29 Ref B: MAA01EDGE1111 Ref C: 2023-08-19T07:39:04Z
[2023-08-19 07:39:03Z ERR  MessageListener] Catch exception during create session.
[2023-08-19 07:39:03Z ERR  MessageListener] GitHub.DistributedTask.WebApi.TaskAgentSessionConflictException: The actions runner PRASADYEBELO already has an active session for owner PRASADYEBELO.
   at GitHub.Services.WebApi.VssHttpClientBase.HandleResponseAsync(HttpResponseMessage response, CancellationToken cancellationToken)
   at GitHub.Services.WebApi.VssHttpClientBase.SendAsync(HttpRequestMessage message, HttpCompletionOption completionOption, Object userState, CancellationToken cancellationToken)
   at GitHub.Services.WebApi.VssHttpClientBase.SendAsync[T](HttpRequestMessage message, Object userState, CancellationToken cancellationToken)
   at GitHub.Services.WebApi.VssHttpClientBase.SendAsync[T](HttpMethod method, IEnumerable`1 additionalHeaders, Guid locationId, Object routeValues, ApiResourceVersion version, HttpContent content, IEnumerable`1 queryParameters, Object userState, CancellationToken cancellationToken)
   at GitHub.Runner.Listener.MessageListener.CreateSessionAsync(CancellationToken token)
[2023-08-19 07:39:03Z INFO MessageListener] The session for this runner already exists.
[2023-08-19 07:39:03Z ERR  Terminal] WRITE ERROR: A session for this runner already exists.
[2023-08-19 07:39:03Z INFO MessageListener] The session conflict exception haven't reached retry limit.
[2023-08-19 07:39:03Z INFO MessageListener] Sleeping for 30 seconds before retrying.
